[2025-01-14T12:42:35.634Z] Starting recording to output.mp4...
[2025-01-14T12:42:35.637Z] FFmpeg process initialized for MJPEG input.
[2025-01-14T12:42:35.637Z] Attempted to write data to FFmpeg while not recording. Data added to queue.
[2025-01-14T12:42:35.767Z] Recording process started successfully for file: output.mp4
[2025-01-14T12:43:49.011Z] Starting recording to output.mp4...
[2025-01-14T12:43:49.014Z] FFmpeg process initialized for MJPEG input.
[2025-01-14T12:43:49.014Z] Attempted to write data to FFmpeg while not recording. Data added to queue.
[2025-01-14T12:43:49.121Z] Recording is already active or FFmpeg process is already initialized. Skipping start.
[2025-01-14T12:43:49.122Z] Attempted to write data to FFmpeg while not recording. Data added to queue.
[2025-01-14T12:43:49.122Z] Recording is already active or FFmpeg process is already initialized. Skipping start.
[2025-01-14T12:43:49.123Z] Attempted to write data to FFmpeg while not recording. Data added to queue.
[2025-01-14T12:43:49.123Z] Recording is already active or FFmpeg process is already initialized. Skipping start.
[2025-01-14T12:43:49.123Z] Attempted to write data to FFmpeg while not recording. Data added to queue.
[2025-01-14T12:43:49.123Z] Recording is already active or FFmpeg process is already initialized. Skipping start.
[2025-01-14T12:43:49.124Z] Attempted to write data to FFmpeg while not recording. Data added to queue.
[2025-01-14T12:43:49.124Z] Recording is already active or FFmpeg process is already initialized. Skipping start.
[2025-01-14T12:43:49.124Z] Attempted to write data to FFmpeg while not recording. Data added to queue.
[2025-01-14T12:43:49.124Z] Recording is already active or FFmpeg process is already initialized. Skipping start.
[2025-01-14T12:43:49.124Z] Attempted to write data to FFmpeg while not recording. Data added to queue.
[2025-01-14T12:43:49.125Z] Recording is already active or FFmpeg process is already initialized. Skipping start.
[2025-01-14T12:43:49.125Z] Attempted to write data to FFmpeg while not recording. Data added to queue.
[2025-01-14T12:43:49.125Z] Recording is already active or FFmpeg process is already initialized. Skipping start.
[2025-01-14T12:43:49.125Z] Attempted to write data to FFmpeg while not recording. Data added to queue.
[2025-01-14T12:43:49.125Z] Recording is already active or FFmpeg process is already initialized. Skipping start.
[2025-01-14T12:43:49.125Z] Attempted to write data to FFmpeg while not recording. Data added to queue.
[2025-01-14T12:43:49.126Z] Recording is already active or FFmpeg process is already initialized. Skipping start.
[2025-01-14T12:43:49.126Z] Attempted to write data to FFmpeg while not recording. Data added to queue.
[2025-01-14T12:43:49.126Z] Recording is already active or FFmpeg process is already initialized. Skipping start.
[2025-01-14T12:43:49.127Z] Attempted to write data to FFmpeg while not recording. Data added to queue.
[2025-01-14T12:43:49.128Z] Recording is already active or FFmpeg process is already initialized. Skipping start.
[2025-01-14T12:43:49.129Z] Attempted to write data to FFmpeg while not recording. Data added to queue.
[2025-01-14T12:43:49.129Z] Recording is already active or FFmpeg process is already initialized. Skipping start.
[2025-01-14T12:43:49.129Z] Attempted to write data to FFmpeg while not recording. Data added to queue.
[2025-01-14T12:43:49.129Z] Recording is already active or FFmpeg process is already initialized. Skipping start.
[2025-01-14T12:43:49.129Z] Attempted to write data to FFmpeg while not recording. Data added to queue.
[2025-01-14T12:43:49.129Z] Recording is already active or FFmpeg process is already initialized. Skipping start.
[2025-01-14T12:43:49.129Z] Attempted to write data to FFmpeg while not recording. Data added to queue.
[2025-01-14T12:43:49.129Z] Recording is already active or FFmpeg process is already initialized. Skipping start.
[2025-01-14T12:43:49.129Z] Attempted to write data to FFmpeg while not recording. Data added to queue.
[2025-01-14T12:43:49.130Z] Recording is already active or FFmpeg process is already initialized. Skipping start.
[2025-01-14T12:43:49.130Z] Attempted to write data to FFmpeg while not recording. Data added to queue.
[2025-01-14T12:43:49.130Z] Recording is already active or FFmpeg process is already initialized. Skipping start.
[2025-01-14T12:43:49.130Z] Attempted to write data to FFmpeg while not recording. Data added to queue.
[2025-01-14T12:43:49.130Z] Recording is already active or FFmpeg process is already initialized. Skipping start.
[2025-01-14T12:43:49.130Z] Attempted to write data to FFmpeg while not recording. Data added to queue.
[2025-01-14T12:43:49.131Z] Recording is already active or FFmpeg process is already initialized. Skipping start.
[2025-01-14T12:43:49.131Z] Attempted to write data to FFmpeg while not recording. Data added to queue.
[2025-01-14T12:43:49.131Z] Recording is already active or FFmpeg process is already initialized. Skipping start.
[2025-01-14T12:43:49.131Z] Attempted to write data to FFmpeg while not recording. Data added to queue.
[2025-01-14T12:43:49.131Z] Recording is already active or FFmpeg process is already initialized. Skipping start.
[2025-01-14T12:43:49.131Z] Attempted to write data to FFmpeg while not recording. Data added to queue.
[2025-01-14T12:43:49.131Z] Recording is already active or FFmpeg process is already initialized. Skipping start.
[2025-01-14T12:43:49.131Z] Attempted to write data to FFmpeg while not recording. Data added to queue.
[2025-01-14T12:43:49.132Z] Recording is already active or FFmpeg process is already initialized. Skipping start.
[2025-01-14T12:43:49.132Z] Attempted to write data to FFmpeg while not recording. Data added to queue.
[2025-01-14T12:43:49.132Z] Recording is already active or FFmpeg process is already initialized. Skipping start.
[2025-01-14T12:43:49.132Z] Attempted to write data to FFmpeg while not recording. Data added to queue.
[2025-01-14T12:43:49.132Z] Recording is already active or FFmpeg process is already initialized. Skipping start.
[2025-01-14T12:43:49.132Z] Attempted to write data to FFmpeg while not recording. Data added to queue.
[2025-01-14T12:43:49.132Z] Recording is already active or FFmpeg process is already initialized. Skipping start.
[2025-01-14T12:43:49.132Z] Attempted to write data to FFmpeg while not recording. Data added to queue.
[2025-01-14T12:43:49.133Z] Recording is already active or FFmpeg process is already initialized. Skipping start.
[2025-01-14T12:43:49.133Z] Attempted to write data to FFmpeg while not recording. Data added to queue.
[2025-01-14T12:43:49.133Z] Recording is already active or FFmpeg process is already initialized. Skipping start.
[2025-01-14T12:43:49.133Z] Attempted to write data to FFmpeg while not recording. Data added to queue.
[2025-01-14T12:43:49.133Z] Recording is already active or FFmpeg process is already initialized. Skipping start.
[2025-01-14T12:43:49.133Z] Attempted to write data to FFmpeg while not recording. Data added to queue.
[2025-01-14T12:43:49.134Z] Recording is already active or FFmpeg process is already initialized. Skipping start.
[2025-01-14T12:43:49.134Z] Attempted to write data to FFmpeg while not recording. Data added to queue.
[2025-01-14T12:43:49.136Z] Recording is already active or FFmpeg process is already initialized. Skipping start.
[2025-01-14T12:43:49.136Z] Attempted to write data to FFmpeg while not recording. Data added to queue.
[2025-01-14T12:43:49.136Z] Recording is already active or FFmpeg process is already initialized. Skipping start.
[2025-01-14T12:43:49.136Z] Attempted to write data to FFmpeg while not recording. Data added to queue.
[2025-01-14T12:43:49.136Z] Recording is already active or FFmpeg process is already initialized. Skipping start.
[2025-01-14T12:43:49.136Z] Attempted to write data to FFmpeg while not recording. Data added to queue.
[2025-01-14T12:43:49.137Z] Recording is already active or FFmpeg process is already initialized. Skipping start.
[2025-01-14T12:43:49.137Z] Attempted to write data to FFmpeg while not recording. Data added to queue.
[2025-01-14T12:43:49.137Z] Recording is already active or FFmpeg process is already initialized. Skipping start.
[2025-01-14T12:43:49.137Z] Attempted to write data to FFmpeg while not recording. Data added to queue.
[2025-01-14T12:43:49.137Z] Recording is already active or FFmpeg process is already initialized. Skipping start.
[2025-01-14T12:43:49.138Z] Attempted to write data to FFmpeg while not recording. Data added to queue.
[2025-01-14T12:43:49.138Z] Recording is already active or FFmpeg process is already initialized. Skipping start.
[2025-01-14T12:43:49.138Z] Attempted to write data to FFmpeg while not recording. Data added to queue.
[2025-01-14T12:43:49.138Z] Recording is already active or FFmpeg process is already initialized. Skipping start.
[2025-01-14T12:43:49.138Z] Attempted to write data to FFmpeg while not recording. Data added to queue.
[2025-01-14T12:43:49.138Z] Recording is already active or FFmpeg process is already initialized. Skipping start.
[2025-01-14T12:43:49.138Z] Attempted to write data to FFmpeg while not recording. Data added to queue.
[2025-01-14T12:43:49.139Z] Recording is already active or FFmpeg process is already initialized. Skipping start.
[2025-01-14T12:43:49.139Z] Attempted to write data to FFmpeg while not recording. Data added to queue.
[2025-01-14T12:43:49.139Z] Recording is already active or FFmpeg process is already initialized. Skipping start.
[2025-01-14T12:43:49.139Z] Attempted to write data to FFmpeg while not recording. Data added to queue.
[2025-01-14T12:43:49.140Z] Recording is already active or FFmpeg process is already initialized. Skipping start.
[2025-01-14T12:43:49.140Z] Attempted to write data to FFmpeg while not recording. Data added to queue.
[2025-01-14T12:43:49.141Z] Recording is already active or FFmpeg process is already initialized. Skipping start.
[2025-01-14T12:43:49.141Z] Attempted to write data to FFmpeg while not recording. Data added to queue.
[2025-01-14T12:43:49.141Z] Recording is already active or FFmpeg process is already initialized. Skipping start.
[2025-01-14T12:43:49.141Z] Attempted to write data to FFmpeg while not recording. Data added to queue.
[2025-01-14T12:43:49.141Z] Recording is already active or FFmpeg process is already initialized. Skipping start.
[2025-01-14T12:43:49.141Z] Attempted to write data to FFmpeg while not recording. Data added to queue.
[2025-01-14T12:43:49.141Z] Recording is already active or FFmpeg process is already initialized. Skipping start.
[2025-01-14T12:43:49.141Z] Attempted to write data to FFmpeg while not recording. Data added to queue.
[2025-01-14T12:43:49.142Z] Recording is already active or FFmpeg process is already initialized. Skipping start.
[2025-01-14T12:43:49.142Z] Attempted to write data to FFmpeg while not recording. Data added to queue.
[2025-01-14T12:43:49.142Z] Recording is already active or FFmpeg process is already initialized. Skipping start.
[2025-01-14T12:43:49.142Z] Attempted to write data to FFmpeg while not recording. Data added to queue.
[2025-01-14T12:43:49.142Z] Recording is already active or FFmpeg process is already initialized. Skipping start.
[2025-01-14T12:43:49.142Z] Attempted to write data to FFmpeg while not recording. Data added to queue.
[2025-01-14T12:43:49.142Z] Recording is already active or FFmpeg process is already initialized. Skipping start.
[2025-01-14T12:43:49.142Z] Attempted to write data to FFmpeg while not recording. Data added to queue.
[2025-01-14T12:43:49.142Z] Recording is already active or FFmpeg process is already initialized. Skipping start.
[2025-01-14T12:43:49.142Z] Attempted to write data to FFmpeg while not recording. Data added to queue.
[2025-01-14T12:43:49.143Z] Recording is already active or FFmpeg process is already initialized. Skipping start.
[2025-01-14T12:43:49.143Z] Attempted to write data to FFmpeg while not recording. Data added to queue.
[2025-01-14T12:43:49.143Z] Recording is already active or FFmpeg process is already initialized. Skipping start.
[2025-01-14T12:43:49.143Z] Attempted to write data to FFmpeg while not recording. Data added to queue.
[2025-01-14T12:43:49.144Z] Recording is already active or FFmpeg process is already initialized. Skipping start.
[2025-01-14T12:43:49.144Z] Attempted to write data to FFmpeg while not recording. Data added to queue.
[2025-01-14T12:43:49.145Z] Recording is already active or FFmpeg process is already initialized. Skipping start.
[2025-01-14T12:43:49.145Z] Attempted to write data to FFmpeg while not recording. Data added to queue.
[2025-01-14T12:43:49.145Z] Recording is already active or FFmpeg process is already initialized. Skipping start.
[2025-01-14T12:43:49.145Z] Attempted to write data to FFmpeg while not recording. Data added to queue.
[2025-01-14T12:43:49.145Z] Recording is already active or FFmpeg process is already initialized. Skipping start.
[2025-01-14T12:43:49.145Z] Attempted to write data to FFmpeg while not recording. Data added to queue.
[2025-01-14T12:43:49.145Z] Recording is already active or FFmpeg process is already initialized. Skipping start.
[2025-01-14T12:43:49.145Z] Attempted to write data to FFmpeg while not recording. Data added to queue.
[2025-01-14T12:43:49.146Z] Recording is already active or FFmpeg process is already initialized. Skipping start.
[2025-01-14T12:43:49.146Z] Attempted to write data to FFmpeg while not recording. Data added to queue.
[2025-01-14T12:43:49.146Z] Recording is already active or FFmpeg process is already initialized. Skipping start.
[2025-01-14T12:43:49.146Z] Attempted to write data to FFmpeg while not recording. Data added to queue.
[2025-01-14T12:43:49.146Z] Recording is already active or FFmpeg process is already initialized. Skipping start.
[2025-01-14T12:43:49.146Z] Attempted to write data to FFmpeg while not recording. Data added to queue.
[2025-01-14T12:43:49.146Z] Recording is already active or FFmpeg process is already initialized. Skipping start.
[2025-01-14T12:43:49.146Z] Attempted to write data to FFmpeg while not recording. Data added to queue.
[2025-01-14T12:43:49.147Z] Recording is already active or FFmpeg process is already initialized. Skipping start.
[2025-01-14T12:43:49.147Z] Attempted to write data to FFmpeg while not recording. Data added to queue.
[2025-01-14T12:43:49.147Z] Recording is already active or FFmpeg process is already initialized. Skipping start.
[2025-01-14T12:43:49.147Z] Attempted to write data to FFmpeg while not recording. Data added to queue.
[2025-01-14T12:43:49.147Z] Recording is already active or FFmpeg process is already initialized. Skipping start.
[2025-01-14T12:43:49.147Z] Attempted to write data to FFmpeg while not recording. Data added to queue.
[2025-01-14T12:43:49.147Z] Recording is already active or FFmpeg process is already initialized. Skipping start.
[2025-01-14T12:43:49.147Z] Attempted to write data to FFmpeg while not recording. Data added to queue.
[2025-01-14T12:43:49.147Z] Recording is already active or FFmpeg process is already initialized. Skipping start.
[2025-01-14T12:43:49.147Z] Attempted to write data to FFmpeg while not recording. Data added to queue.
[2025-01-14T12:43:49.148Z] Recording is already active or FFmpeg process is already initialized. Skipping start.
[2025-01-14T12:43:49.148Z] Attempted to write data to FFmpeg while not recording. Data added to queue.
[2025-01-14T12:43:49.148Z] Recording is already active or FFmpeg process is already initialized. Skipping start.
[2025-01-14T12:43:49.148Z] Attempted to write data to FFmpeg while not recording. Data added to queue.
[2025-01-14T12:43:49.148Z] Recording is already active or FFmpeg process is already initialized. Skipping start.
[2025-01-14T12:43:49.148Z] Attempted to write data to FFmpeg while not recording. Data added to queue.
[2025-01-14T12:43:49.148Z] Recording is already active or FFmpeg process is already initialized. Skipping start.
[2025-01-14T12:43:49.148Z] Attempted to write data to FFmpeg while not recording. Data added to queue.
[2025-01-14T12:43:49.148Z] Recording is already active or FFmpeg process is already initialized. Skipping start.
[2025-01-14T12:43:49.148Z] Attempted to write data to FFmpeg while not recording. Data added to queue.
[2025-01-14T12:43:49.149Z] Recording is already active or FFmpeg process is already initialized. Skipping start.
[2025-01-14T12:43:49.149Z] Attempted to write data to FFmpeg while not recording. Data added to queue.
[2025-01-14T12:43:49.149Z] Recording is already active or FFmpeg process is already initialized. Skipping start.
[2025-01-14T12:43:49.149Z] Attempted to write data to FFmpeg while not recording. Data added to queue.
[2025-01-14T12:43:49.155Z] Recording process started successfully for file: output.mp4
